1.Create new tree 
2.Insert 
3.Search
4.Print
Enter Index Node size, Data Node Size: 1.Create new tree 
2.Insert 
3.Search
4.Print
Enter value to be inserted 1.Create new tree 
2.Insert 
3.Search
4.Print
Enter value to be inserted Inserting in Data Node
1.Create new tree 
2.Insert 
3.Search
4.Print
Enter value to be inserted Inserting in Data Node
1.Create new tree 
2.Insert 
3.Search
4.Print
Enter value to be inserted Inserting in Index Node
Inserting in Data Node
1.Create new tree 
2.Insert 
3.Search
4.Print
Enter value to be inserted Inserting in Index Node
Inserting in Data Node
1.Create new tree 
2.Insert 
3.Search
4.Print
Enter value to be inserted Inserting in Index Node
Inserting in Data Node
1.Create new tree 
2.Insert 
3.Search
4.Print
Enter value to be inserted Inserting in Index Node
Inserting in Data Node
1.Create new tree 
2.Insert 
3.Search
4.Print
Enter value to be inserted Inserting in Index Node
Inserting in Index Node
Inserting in Data Node
1.Create new tree 
2.Insert 
3.Search
4.Print
Enter value to be inserted Inserting in Index Node
Inserting in Index Node
Inserting in Data Node
1.Create new tree 
2.Insert 
3.Search
4.Print
Enter value to be inserted Inserting in Index Node
Inserting in Index Node
Inserting in Data Node
1.Create new tree 
2.Insert 
3.Search
4.Print
Enter value to be inserted Inserting in Index Node
Inserting in Index Node
Inserting in Data Node
1.Create new tree 
2.Insert 
3.Search
4.Print
Enter value to be inserted Inserting in Index Node
Inserting in Index Node
Inserting in Data Node
1.Create new tree 
2.Insert 
3.Search
4.Print
Enter value to be inserted Inserting in Index Node
Inserting in Index Node
Inserting in Data Node
1.Create new tree 
2.Insert 
3.Search
4.Print
Enter value to be inserted Inserting in Index Node
Inserting in Index Node
Inserting in Data Node
1.Create new tree 
2.Insert 
3.Search
4.Print
Enter value to be inserted Inserting in Index Node
Inserting in Index Node
Inserting in Data Node
1.Create new tree 
2.Insert 
3.Search
4.Print
Enter value to be inserted Inserting in Index Node
Inserting in Index Node
Inserting in Data Node
1.Create new tree 
2.Insert 
3.Search
4.Print
Enter value to be inserted Inserting in Index Node
Inserting in Index Node
Inserting in Data Node
1.Create new tree 
2.Insert 
3.Search
4.Print
Enter value to be inserted Inserting in Index Node
Inserting in Index Node
Inserting in Data Node
1.Create new tree 
2.Insert 
3.Search
4.Print
Enter value to be inserted Inserting in Index Node
Inserting in Index Node
Inserting in Data Node
1.Create new tree 
2.Insert 
3.Search
4.Print
Enter value to be inserted Inserting in Index Node
Inserting in Index Node
Inserting in Index Node
Inserting in Data Node
1.Create new tree 
2.Insert 
3.Search
4.Print
Enter value to be inserted Inserting in Index Node
Inserting in Index Node
Inserting in Index Node
Inserting in Data Node
1.Create new tree 
2.Insert 
3.Search
4.Print
Enter value to be inserted Inserting in Index Node
Inserting in Index Node
Inserting in Index Node
Inserting in Data Node
1.Create new tree 
2.Insert 
3.Search
4.Print
Enter value to be inserted Inserting in Index Node
Inserting in Index Node
Inserting in Index Node
Inserting in Data Node
1.Create new tree 
2.Insert 
3.Search
4.Print
Enter value to be inserted Inserting in Index Node
Inserting in Index Node
Inserting in Index Node
Inserting in Data Node
1.Create new tree 
2.Insert 
3.Search
4.Print
Enter value to be inserted Inserting in Index Node
Inserting in Index Node
Inserting in Index Node
Inserting in Data Node
1.Create new tree 
2.Insert 
3.Search
4.Print
Enter value to be inserted Inserting in Index Node
Inserting in Index Node
Inserting in Index Node
Inserting in Data Node
1.Create new tree 
2.Insert 
3.Search
4.Print
Enter value to be inserted Inserting in Index Node
Inserting in Index Node
Inserting in Index Node
Inserting in Data Node
1.Create new tree 
2.Insert 
3.Search
4.Print
Enter value to be inserted Inserting in Index Node
Inserting in Index Node
Inserting in Index Node
Inserting in Data Node
1.Create new tree 
2.Insert 
3.Search
4.Print
Enter value to be inserted Inserting in Index Node
Inserting in Index Node
Inserting in Index Node
Inserting in Data Node
1.Create new tree 
2.Insert 
3.Search
4.Print
Enter value to be inserted Inserting in Index Node
Inserting in Index Node
Inserting in Index Node
Inserting in Data Node
1.Create new tree 
2.Insert 
3.Search
4.Print
Enter value to be inserted Inserting in Index Node
Inserting in Index Node
Inserting in Index Node
Inserting in Data Node
1.Create new tree 
2.Insert 
3.Search
4.Print
Enter value to be inserted Inserting in Index Node
Inserting in Index Node
Inserting in Index Node
Inserting in Data Node
1.Create new tree 
2.Insert 
3.Search
4.Print
Enter value to be inserted Inserting in Index Node
Inserting in Index Node
Inserting in Index Node
Inserting in Data Node
1.Create new tree 
2.Insert 
3.Search
4.Print
Enter value to be inserted Inserting in Index Node
Inserting in Index Node
Inserting in Index Node
Inserting in Data Node
1.Create new tree 
2.Insert 
3.Search
4.Print
Enter value to be inserted Inserting in Index Node
Inserting in Index Node
Inserting in Index Node
Inserting in Data Node
1.Create new tree 
2.Insert 
3.Search
4.Print
Enter value to be inserted Inserting in Index Node
Inserting in Index Node
Inserting in Index Node
Inserting in Data Node
1.Create new tree 
2.Insert 
3.Search
4.Print
Enter value to be inserted Inserting in Index Node
Inserting in Index Node
Inserting in Index Node
Inserting in Data Node
1.Create new tree 
2.Insert 
3.Search
4.Print
Enter value to be inserted Inserting in Index Node
Inserting in Index Node
Inserting in Index Node
Inserting in Data Node
1.Create new tree 
2.Insert 
3.Search
4.Print
Enter value to be inserted Inserting in Index Node
Inserting in Index Node
Inserting in Index Node
Inserting in Data Node
1.Create new tree 
2.Insert 
3.Search
4.Print
Enter value to be inserted Inserting in Index Node
Inserting in Index Node
Inserting in Index Node
Inserting in Data Node
1.Create new tree 
2.Insert 
3.Search
4.Print
1::0::87 269 
2::1::50 65 79 
3::1::168 168 211 
4::1::276 353 
5::2::22 47 
6::2::55 
7::2::68 68 
8::2::86 
9::2::136 147 
10::2::168 
11::2::192 197 
12::2::234 
13::2::272 
14::2::292 331 344 
15::2::370 
16::3::1 22 
17::3::39 47 
18::3::50 
19::3::55 
20::3::65 
21::3::66 68 
22::3::68 
23::3::75 79 
24::3::86 86 
25::3::87 
26::3::120 136 
27::3::147 
28::3::163 168 
29::3::168 
30::3::168 
31::3::174 192 
32::3::197 
33::3::207 211 
34::3::215 234 
35::3::254 269 
36::3::272 
37::3::276 
38::3::292 
39::3::304 331 
40::3::344 
41::3::353 
42::3::370 
43::3::375 

1.Create new tree 
2.Insert 
3.Search
4.Print
